1756026472112:Hello
1756026479501:help
1756026484320:hello
1756026987441:help
1756026995797:hello 1 1 1 1
1756028545646:hello
1756029355196:help
1756029376735:generate-metadata
1756031077777:help
1756031091592:generate-metadata
1756032563675:help
1756032575210:generate-metadata
1756032765287:generate-metadatagenerate-metadata
1756032770451:generate-metadata
1756032790591:help
1756032798407:generate-metadata
1756032805992:generate-metadata /bike.jpg
1756032833896:generate-metadata
1756033247409:help
1756033253166:generate-metadata
1756033589775:metadata-generator
1756033592680:help
1756033599772:generate-metadata
